[2024-03-31T01:22:28,291][INFO ][SpringApplicationShutdownHook][org.springframework.orm.jpa.AbstractEntityManagerFactoryBean.destroy] Closing JPA EntityManagerFactory for persistence unit 'default'
[2024-03-31T01:22:28,343][INFO ][SpringApplicationShutdownHook][com.zaxxer.hikari.HikariDataSource.close] HikariPool-1 - Shutdown initiated...
[2024-03-31T01:22:28,352][INFO ][SpringApplicationShutdownHook][com.zaxxer.hikari.HikariDataSource.close] HikariPool-1 - Shutdown completed.
[2024-03-31T01:22:35,794][INFO ][background-preinit][org.hibernate.validator.internal.util.Version.<clinit>] HV000001: Hibernate Validator 8.0.1.Final
[2024-03-31T01:22:35,838][INFO ][main][org.springframework.boot.StartupInfoLogger.logStarting] Starting CactusApplication using Java 22 with PID 20292 (C:\Users\antar\OneDrive\Desktop\Cactus\SpringCactus\target\classes started by antar in C:\Users\antar\OneDrive\Desktop\Cactus\SpringCactus)
[2024-03-31T01:22:35,842][INFO ][main][org.springframework.boot.SpringApplication.logStartupProfileInfo] No active profile set, falling back to 1 default profile: "default"
[2024-03-31T01:22:36,611][INFO ][main][org.springframework.data.repository.config.RepositoryConfigurationDelegate.registerRepositoriesIn] Bootstrapping Spring Data JPA repositories in DEFAULT mode.
[2024-03-31T01:22:36,670][INFO ][main][org.springframework.data.repository.config.RepositoryConfigurationDelegate.registerRepositoriesIn] Finished Spring Data repository scanning in 52 ms. Found 4 JPA repository interfaces.
[2024-03-31T01:22:37,206][INFO ][main][org.springframework.boot.web.embedded.tomcat.TomcatWebServer.initialize] Tomcat initialized with port 8000 (http)
[2024-03-31T01:22:37,229][INFO ][main][org.apache.juli.logging.DirectJDKLog.log] Initializing ProtocolHandler ["http-nio-8000"]
[2024-03-31T01:22:37,234][INFO ][main][org.apache.juli.logging.DirectJDKLog.log] Starting service [Tomcat]
[2024-03-31T01:22:37,235][INFO ][main][org.apache.juli.logging.DirectJDKLog.log] Starting Servlet engine: [Apache Tomcat/10.1.19]
[2024-03-31T01:22:37,301][INFO ][main][org.apache.juli.logging.DirectJDKLog.log] Initializing Spring embedded WebApplicationContext
[2024-03-31T01:22:37,301][INFO ][main][org.springframework.boot.web.servlet.context.ServletWebServerApplicationContext.prepareWebApplicationContext] Root WebApplicationContext: initialization completed in 1407 ms
[2024-03-31T01:22:37,461][INFO ][main][org.hibernate.jpa.internal.util.LogHelper.logPersistenceUnitInformation] HHH000204: Processing PersistenceUnitInfo [name: default]
[2024-03-31T01:22:37,536][INFO ][main][org.hibernate.Version.logVersion] HHH000412: Hibernate ORM core version 6.4.4.Final
[2024-03-31T01:22:37,574][INFO ][main][org.hibernate.cache.internal.RegionFactoryInitiator.initiateService] HHH000026: Second-level cache disabled
[2024-03-31T01:22:37,832][INFO ][main][org.springframework.orm.jpa.persistenceunit.SpringPersistenceUnitInfo.addTransformer] No LoadTimeWeaver setup: ignoring JPA class transformer
[2024-03-31T01:22:37,864][INFO ][main][com.zaxxer.hikari.HikariDataSource.getConnection] HikariPool-1 - Starting...
[2024-03-31T01:22:38,029][INFO ][main][com.zaxxer.hikari.pool.HikariPool.checkFailFast] HikariPool-1 - Added connection org.postgresql.jdbc.PgConnection@43d6262c
[2024-03-31T01:22:38,030][INFO ][main][com.zaxxer.hikari.HikariDataSource.getConnection] HikariPool-1 - Start completed.
[2024-03-31T01:22:39,266][INFO ][main][org.hibernate.engine.transaction.jta.platform.internal.JtaPlatformInitiator.initiateService] HHH000489: No JTA platform available (set 'hibernate.transaction.jta.platform' to enable JTA platform integration)
[2024-03-31T01:22:39,484][INFO ][main][org.springframework.orm.jpa.AbstractEntityManagerFactoryBean.buildNativeEntityManagerFactory] Initialized JPA EntityManagerFactory for persistence unit 'default'
[2024-03-31T01:22:39,714][INFO ][main][org.springframework.data.jpa.repository.query.QueryEnhancerFactory.<clinit>] Hibernate is in classpath; If applicable, HQL parser will be used.
[2024-03-31T01:22:40,321][WARN ][main][org.springframework.boot.autoconfigure.orm.jpa.JpaBaseConfiguration$JpaWebConfiguration.openEntityManagerInViewInterceptor] spring.jpa.open-in-view is enabled by default. Therefore, database queries may be performed during view rendering. Explicitly configure spring.jpa.open-in-view to disable this warning
[2024-03-31T01:22:40,691][INFO ][main][org.apache.juli.logging.DirectJDKLog.log] Starting ProtocolHandler ["http-nio-8000"]
[2024-03-31T01:22:40,707][INFO ][main][org.springframework.boot.web.embedded.tomcat.TomcatWebServer.start] Tomcat started on port 8000 (http) with context path ''
[2024-03-31T01:22:40,715][INFO ][main][org.springframework.boot.StartupInfoLogger.logStarted] Started CactusApplication in 5.261 seconds (process running for 6.34)
[2024-03-31T01:24:07,719][INFO ][http-nio-8000-exec-1][org.apache.juli.logging.DirectJDKLog.log] Initializing Spring DispatcherServlet 'dispatcherServlet'
[2024-03-31T01:24:07,719][INFO ][http-nio-8000-exec-1][org.springframework.web.servlet.FrameworkServlet.initServletBean] Initializing Servlet 'dispatcherServlet'
[2024-03-31T01:24:07,721][INFO ][http-nio-8000-exec-1][org.springframework.web.servlet.FrameworkServlet.initServletBean] Completed initialization in 2 ms
[2024-03-31T01:24:07,822][INFO ][http-nio-8000-exec-1][ru.project.Cactus.controller.AccountController.save] Add new account
[2024-03-31T01:24:24,041][INFO ][http-nio-8000-exec-4][ru.project.Cactus.controller.OperationController.findAll] Find all operations
[2024-03-31T01:24:57,918][INFO ][http-nio-8000-exec-3][ru.project.Cactus.controller.ContractController.findAll] Find all contracts
[2024-03-31T13:14:22,909][WARN ][HikariPool-1 housekeeper][com.zaxxer.hikari.pool.HikariPool$HouseKeeper.run] HikariPool-1 - Thread starvation or clock leap detected (housekeeper delta=10h49m13s909ms834µs900ns).
